<?xml version="1.0" encoding="UTF-8"?>
<!-- Generated by org.testng.reporters.JUnitReportReporter -->
<testsuite skipped="0" hostname="DESKTOP-JP52KVH" name="DockerGridimplementation.DockerGridimplementation.DockerFirefoxTest" tests="1" failures="0" timestamp="24 May 2020 14:32:33 GMT" time="23.576" errors="0">
  <testcase name="ChromeTest" time="23.576" classname="DockerGridimplementation.DockerGridimplementation.DockerFirefoxTest"/>
</testsuite> <!-- DockerGridimplementation.DockerGridimplementation.DockerFirefoxTest -->
