<?xml version="1.0" encoding="UTF-8"?>
<!-- Generated by org.testng.reporters.JUnitReportReporter -->
<testsuite skipped="0" hostname="DESKTOP-JP52KVH" name="DockerGridimplementation.DockerGridimplementation.DockerchromeTest" tests="1" failures="0" timestamp="24 May 2020 15:03:18 GMT" time="53.425" errors="0">
  <testcase name="ChromeTest" time="53.425" classname="DockerGridimplementation.DockerGridimplementation.DockerchromeTest"/>
</testsuite> <!-- DockerGridimplementation.DockerGridimplementation.DockerchromeTest -->
